<?xml version="1.0" encoding="UTF-8"?>
<!-- Generated by org.testng.reporters.JUnitReportReporter -->
<testsuite hostname="CBT-020" name="com.qspiders.grid.GridDemoB" tests="3" failures="0" timestamp="7 Aug 2016 11:08:39 GMT" time="324.556" errors="1">
  <testcase name="test" time="78.463" classname="com.qspiders.grid.GridDemoB"/>
  <testcase name="test" time="1.016" classname="com.qspiders.grid.GridDemoB">
    <error type="org.openqa.selenium.WebDriverException" message="Error forwarding the new session cannot find : Capabilities [{browserName=internet explorer}]
Command duration or timeout: 317 milliseconds
Build info: version: &#039;2.53.0&#039;, revision: &#039;35ae25b&#039;, time: &#039;2016-03-15 17:00:58&#039;
System info: host: &#039;CBT-020&#039;, ip: &#039;10.10.4.98&#039;, os.name: &#039;Windows 8.1&#039;, os.arch: &#039;amd64&#039;, os.version: &#039;6.3&#039;, java.version: &#039;1.8.0_73&#039;
Driver info: org.openqa.selenium.remote.RemoteWebDriver">
      <![CDATA[org.openqa.selenium.WebDriverException: Error forwarding the new session cannot find : Capabilities [{browserName=internet explorer}]
Command duration or timeout: 317 milliseconds
Build info: version: '2.53.0', revision: '35ae25b', time: '2016-03-15 17:00:58'
System info: host: 'CBT-020', ip: '10.10.4.98', os.name: 'Windows 8.1', os.arch: 'amd64', os.version: '6.3', java.version: '1.8.0_73'
Driver info: org.openqa.selenium.remote.RemoteWebDriver
	at sun.reflect.NativeConstructorAccessorImpl.newInstance0(Native Method)
	at sun.reflect.NativeConstructorAccessorImpl.newInstance(NativeConstructorAccessorImpl.java:62)
	at sun.reflect.DelegatingConstructorAccessorImpl.newInstance(DelegatingConstructorAccessorImpl.java:45)
	at java.lang.reflect.Constructor.newInstance(Constructor.java:422)
	at org.openqa.selenium.remote.ErrorHandler.createThrowable(ErrorHandler.java:206)
	at org.openqa.selenium.remote.ErrorHandler.throwIfResponseFailed(ErrorHandler.java:158)
	at org.openqa.selenium.remote.RemoteWebDriver.execute(RemoteWebDriver.java:678)
	at org.openqa.selenium.remote.RemoteWebDriver.startSession(RemoteWebDriver.java:249)
	at org.openqa.selenium.remote.RemoteWebDriver.<init>(RemoteWebDriver.java:131)
	at org.openqa.selenium.remote.RemoteWebDriver.<init>(RemoteWebDriver.java:158)
	at com.qspiders.grid.GridDemoB.test(GridDemoB.java:35)
	at sun.reflect.NativeMethodAccessorImpl.invoke0(Native Method)
	at sun.reflect.NativeMethodAccessorImpl.invoke(NativeMethodAccessorImpl.java:62)
	at sun.reflect.DelegatingMethodAccessorImpl.invoke(DelegatingMethodAccessorImpl.java:43)
	at java.lang.reflect.Method.invoke(Method.java:497)
	at org.testng.internal.MethodInvocationHelper.invokeMethod(MethodInvocationHelper.java:86)
	at org.testng.internal.Invoker.invokeMethod(Invoker.java:646)
	at org.testng.internal.Invoker.invokeTestMethod(Invoker.java:823)
	at org.testng.internal.Invoker.invokeTestMethods(Invoker.java:1131)
	at org.testng.internal.TestMethodWorker.invokeTestMethods(TestMethodWorker.java:129)
	at org.testng.internal.TestMethodWorker.run(TestMethodWorker.java:112)
	at org.testng.TestRunner.privateRun(TestRunner.java:778)
	at org.testng.TestRunner.run(TestRunner.java:632)
	at org.testng.SuiteRunner.runTest(SuiteRunner.java:366)
	at org.testng.SuiteRunner.access$000(SuiteRunner.java:39)
	at org.testng.SuiteRunner$SuiteWorker.run(SuiteRunner.java:400)
	at org.testng.internal.thread.ThreadUtil$2.call(ThreadUtil.java:64)
	at java.util.concurrent.FutureTask.run(FutureTask.java:266)
	at java.util.concurrent.ThreadPoolExecutor.runWorker(ThreadPoolExecutor.java:1142)
	at java.util.concurrent.ThreadPoolExecutor$Worker.run(ThreadPoolExecutor.java:617)
	at java.lang.Thread.run(Thread.java:745)
Caused by: org.openqa.grid.common.exception.GridException: Error forwarding the new session cannot find : Capabilities [{browserName=internet explorer}]
	at org.openqa.grid.web.servlet.handler.RequestHandler.process(RequestHandler.java:115)
	at org.openqa.grid.web.servlet.DriverServlet.process(DriverServlet.java:83)
	at org.openqa.grid.web.servlet.DriverServlet.doPost(DriverServlet.java:67)
	at javax.servlet.http.HttpServlet.service(HttpServlet.java:707)
	at javax.servlet.http.HttpServlet.service(HttpServlet.java:790)
	at org.seleniumhq.jetty9.servlet.ServletHolder.handle(ServletHolder.java:808)
	at org.seleniumhq.jetty9.servlet.ServletHandler.doHandle(ServletHandler.java:587)
	at org.seleniumhq.jetty9.server.session.SessionHandler.doHandle(SessionHandler.java:221)
	at org.seleniumhq.jetty9.server.handler.ContextHandler.doHandle(ContextHandler.java:1127)
	at org.seleniumhq.jetty9.servlet.ServletHandler.doScope(ServletHandler.java:515)
	at org.seleniumhq.jetty9.server.session.SessionHandler.doScope(SessionHandler.java:185)
	at org.seleniumhq.jetty9.server.handler.ContextHandler.doScope(ContextHandler.java:1061)
	at org.seleniumhq.jetty9.server.handler.ScopedHandler.handle(ScopedHandler.java:141)
	at org.seleniumhq.jetty9.server.handler.HandlerWrapper.handle(HandlerWrapper.java:97)
	at org.seleniumhq.jetty9.server.Server.handle(Server.java:499)
	at org.seleniumhq.jetty9.server.HttpChannel.handle(HttpChannel.java:310)
	at org.seleniumhq.jetty9.server.HttpConnection.onFillable(HttpConnection.java:257)
	at org.seleniumhq.jetty9.io.AbstractConnection$2.run(AbstractConnection.java:540)
	at org.seleniumhq.jetty9.util.thread.QueuedThreadPool.runJob(QueuedThreadPool.java:635)
	at org.seleniumhq.jetty9.util.thread.QueuedThreadPool$3.run(QueuedThreadPool.java:555)
	at java.lang.Thread.run(Unknown Source)
]]>
    </error>
  </testcase> <!-- test -->
  <testcase name="test" time="245.077" classname="com.qspiders.grid.GridDemoB"/>
</testsuite> <!-- com.qspiders.grid.GridDemoB -->
